2018-11-20 at 17:45:36 CST DEBUG org.hibernate.validator.internal.util.logging.LoggerFactory 22 make - Logging Provider: org.jboss.logging.Log4j2LoggerProvider
2018-11-20 at 17:45:36 CST INFO  org.hibernate.validator.internal.util.Version 21 <clinit> - HV000001: Hibernate Validator 6.0.10.Final
2018-11-20 at 17:45:36 CST DEBUG org.hibernate.validator.internal.engine.resolver.TraversableResolvers 60 getDefault - Cannot find javax.persistence.Persistence on classpath. Assuming non JPA 2 environment. All properties will per default be traversable.
2018-11-20 at 17:45:37 CST DEBUG org.hibernate.validator.messageinterpolation.ResourceBundleMessageInterpolator 89 buildExpressionFactory - Loaded expression factory via original TCCL
2018-11-20 at 17:45:37 CST DEBUG org.hibernate.validator.internal.engine.ConfigurationImpl 148 messageInterpolator - Setting custom MessageInterpolator of type org.springframework.validation.beanvalidation.LocaleContextMessageInterpolator
2018-11-20 at 17:45:37 CST DEBUG org.hibernate.validator.internal.engine.ConfigurationImpl 180 constraintValidatorFactory - Setting custom ConstraintValidatorFactory of type org.springframework.validation.beanvalidation.SpringConstraintValidatorFactory
2018-11-20 at 17:45:37 CST DEBUG org.hibernate.validator.internal.engine.ConfigurationImpl 194 parameterNameProvider - Setting custom ParameterNameProvider of type org.springframework.validation.beanvalidation.LocalValidatorFactoryBean$1
2018-11-20 at 17:45:37 CST DEBUG org.hibernate.validator.internal.xml.ValidationXmlParser 133 getValidationXmlInputStream - Trying to load META-INF/validation.xml for XML based Validator configuration.
2018-11-20 at 17:45:37 CST DEBUG org.hibernate.validator.internal.xml.ResourceLoaderHelper 53 getResettableInputStreamForPath - Trying to load META-INF/validation.xml via user class loader
2018-11-20 at 17:45:37 CST DEBUG org.hibernate.validator.internal.xml.ResourceLoaderHelper 60 getResettableInputStreamForPath - Trying to load META-INF/validation.xml via TCCL
2018-11-20 at 17:45:37 CST DEBUG org.hibernate.validator.internal.xml.ResourceLoaderHelper 66 getResettableInputStreamForPath - Trying to load META-INF/validation.xml via Hibernate Validator's class loader
2018-11-20 at 17:45:37 CST DEBUG org.hibernate.validator.internal.xml.ValidationXmlParser 140 getValidationXmlInputStream - No META-INF/validation.xml found. Using annotation based configuration only.
2018-11-20 at 17:45:38 CST DEBUG org.hibernate.validator.internal.engine.ValidatorFactoryImpl 578 logValidatorFactoryScopedConfiguration - HV000234: Using org.springframework.validation.beanvalidation.LocaleContextMessageInterpolator as ValidatorFactory-scoped message interpolator.
2018-11-20 at 17:45:38 CST DEBUG org.hibernate.validator.internal.engine.ValidatorFactoryImpl 579 logValidatorFactoryScopedConfiguration - HV000234: Using org.hibernate.validator.internal.engine.resolver.TraverseAllTraversableResolver as ValidatorFactory-scoped traversable resolver.
2018-11-20 at 17:45:38 CST DEBUG org.hibernate.validator.internal.engine.ValidatorFactoryImpl 580 logValidatorFactoryScopedConfiguration - HV000234: Using org.hibernate.validator.internal.util.ExecutableParameterNameProvider as ValidatorFactory-scoped parameter name provider.
2018-11-20 at 17:45:38 CST DEBUG org.hibernate.validator.internal.engine.ValidatorFactoryImpl 581 logValidatorFactoryScopedConfiguration - HV000234: Using org.hibernate.validator.internal.engine.DefaultClockProvider as ValidatorFactory-scoped clock provider.
2018-11-20 at 17:45:38 CST DEBUG org.hibernate.validator.internal.engine.ValidatorFactoryImpl 582 logValidatorFactoryScopedConfiguration - HV000234: Using org.hibernate.validator.internal.engine.scripting.DefaultScriptEvaluatorFactory as ValidatorFactory-scoped script evaluator factory.
2018-11-20 at 17:46:19 CST DEBUG com.trainingcenter.utils.LogUtil 60 debug - 
！！！！！！！！！！！！！！！！！！！！！！！！！！！！！！！！！！！！！！！！！！！！！！！！！！！！！！！！[Info Start]！！
炎籾:圭隈峇佩岻念
坪否:‐class com.trainingcenter.service.impl.UserServiceImpl窃議‐loadUserByUsername／圭隈‐軸繍峇佩／圭隈歌方葎
‐["admin"]／
！！！！！！！！！！！！！！！！！！！！！！！！！！！！！！！！！！！！！！！！！！！！！！！！！！！！！！！！[Info   End]！！

2018-11-20 at 17:46:21 CST INFO  com.trainingcenter.utils.LogUtil 28 info - 
！！！！！！！！！！！！！！！！！！！！！！！！！！！！！！！！！！！！！！！！！！！！！！！！！！！！！！！！[Info Start]！！
炎籾:紗墮喘薩幡
坪否:紗墮払移喘薩音贋壓賜厮廣
！！！！！！！！！！！！！！！！！！！！！！！！！！！！！！！！！！！！！！！！！！！！！！！！！！！！！！！！[Info   End]！！

2018-11-20 at 17:46:21 CST INFO  com.trainingcenter.utils.LogUtil 28 info - 
！！！！！！！！！！！！！！！！！！！！！！！！！！！！！！！！！！！！！！！！！！！！！！！！！！！！！！！！[Info Start]！！
炎籾:SecurityAjax呟械侃尖
坪否:萩箔危列呟械贄χ繊/user/goLogin／匈中
！！！！！！！！！！！！！！！！！！！！！！！！！！！！！！！！！！！！！！！！！！！！！！！！！！！！！！！！[Info   End]！！

2018-11-20 at 17:48:11 CST DEBUG com.trainingcenter.utils.LogUtil 60 debug - 
！！！！！！！！！！！！！！！！！！！！！！！！！！！！！！！！！！！！！！！！！！！！！！！！！！！！！！！！[Info Start]！！
炎籾:圭隈峇佩岻念
坪否:‐class com.trainingcenter.service.impl.UserServiceImpl窃議‐loadUserByUsername／圭隈‐軸繍峇佩／圭隈歌方葎
‐["admin@qq.com"]／
！！！！！！！！！！！！！！！！！！！！！！！！！！！！！！！！！！！！！！！！！！！！！！！！！！！！！！！！[Info   End]！！

2018-11-20 at 17:48:11 CST INFO  com.trainingcenter.utils.LogUtil 28 info - 
！！！！！！！！！！！！！！！！！！！！！！！！！！！！！！！！！！！！！！！！！！！！！！！！！！！！！！！！[Info Start]！！
炎籾:紗墮喘薩幡
坪否:屎壓紗墮喘薩‐admin@qq.com／議犢愴渕尉短佚連´´
！！！！！！！！！！！！！！！！！！！！！！！！！！！！！！！！！！！！！！！！！！！！！！！！！！！！！！！！[Info   End]！！

2018-11-20 at 17:48:12 CST DEBUG com.trainingcenter.utils.LogUtil 60 debug - 
！！！！！！！！！！！！！！！！！！！！！！！！！！！！！！！！！！！！！！！！！！！！！！！！！！！！！！！！[Info Start]！！
炎籾:圭隈峇佩潤惚
坪否:資函‐class com.trainingcenter.service.impl.UserServiceImpl窃議‐loadUserByUsername／圭隈議‐峇佩潤惚／卦指潤惚葎
‐{"id":"d6a00d9d-2801-45c3-a99f-326e2949e2f2","username":"admin@qq.com","password":"63a9f0ea7bb98050796b649e85481845","loginIP":"0:0:0:0:0:0:0:1","unlockedFlag":1,"state":1,"registerTime":1542470400000,"lastLoginTime":1542556800000,"authorities":[{"remarks":"噸宥喘薩叔弼壓喘薩廣過扮氏潮範耶紗","createUserId":null,"createDate":1542470400000,"updateUserId":null,"updateDate":null,"id":"7e0ee84f-216f-41d3-b3b0-832eaea51e79","name":"USER","describe":"噸宥喘薩叔弼","permissions":[],"authority":"ROLE_USER"}],"enabled":true,"accountNonExpired":true,"accountNonLocked":true,"credentialsNonExpired":true}／
！！！！！！！！！！！！！！！！！！！！！！！！！！！！！！！！！！！！！！！！！！！！！！！！！！！！！！！！[Info   End]！！

2018-11-20 at 17:48:12 CST DEBUG com.trainingcenter.utils.LogUtil 60 debug - 
！！！！！！！！！！！！！！！！！！！！！！！！！！！！！！！！！！！！！！！！！！！！！！！！！！！！！！！！[Info Start]！！
炎籾:圭隈峇佩潤崩
坪否:‐class com.trainingcenter.service.impl.UserServiceImpl窃議‐loadUserByUsername／圭隈‐峇佩潤崩／
！！！！！！！！！！！！！！！！！！！！！！！！！！！！！！！！！！！！！！！！！！！！！！！！！！！！！！！！[Info   End]！！

2018-11-20 at 17:48:12 CST INFO  com.trainingcenter.utils.LogUtil 28 info - 
！！！！！！！！！！！！！！！！！！！！！！！！！！！！！！！！！！！！！！！！！！！！！！！！！！！！！！！！[Info Start]！！
炎籾:SecurityAjax呟械侃尖
坪否:萩箔危列呟械贄χ繊/user/goLogin／匈中
！！！！！！！！！！！！！！！！！！！！！！！！！！！！！！！！！！！！！！！！！！！！！！！！！！！！！！！！[Info   End]！！

2018-11-20 at 17:48:36 CST DEBUG com.trainingcenter.utils.LogUtil 60 debug - 
！！！！！！！！！！！！！！！！！！！！！！！！！！！！！！！！！！！！！！！！！！！！！！！！！！！！！！！！[Info Start]！！
炎籾:圭隈峇佩岻念
坪否:‐class com.trainingcenter.service.impl.UserServiceImpl窃議‐loadUserByUsername／圭隈‐軸繍峇佩／圭隈歌方葎
‐["admin@qq.com"]／
！！！！！！！！！！！！！！！！！！！！！！！！！！！！！！！！！！！！！！！！！！！！！！！！！！！！！！！！[Info   End]！！

2018-11-20 at 17:48:36 CST INFO  com.trainingcenter.utils.LogUtil 28 info - 
！！！！！！！！！！！！！！！！！！！！！！！！！！！！！！！！！！！！！！！！！！！！！！！！！！！！！！！！[Info Start]！！
炎籾:紗墮喘薩幡
坪否:屎壓紗墮喘薩‐admin@qq.com／議犢愴渕尉短佚連´´
！！！！！！！！！！！！！！！！！！！！！！！！！！！！！！！！！！！！！！！！！！！！！！！！！！！！！！！！[Info   End]！！

2018-11-20 at 17:48:36 CST DEBUG com.trainingcenter.utils.LogUtil 60 debug - 
！！！！！！！！！！！！！！！！！！！！！！！！！！！！！！！！！！！！！！！！！！！！！！！！！！！！！！！！[Info Start]！！
炎籾:圭隈峇佩潤惚
坪否:資函‐class com.trainingcenter.service.impl.UserServiceImpl窃議‐loadUserByUsername／圭隈議‐峇佩潤惚／卦指潤惚葎
‐{"id":"d6a00d9d-2801-45c3-a99f-326e2949e2f2","username":"admin@qq.com","password":"63a9f0ea7bb98050796b649e85481845","loginIP":"0:0:0:0:0:0:0:1","unlockedFlag":1,"state":1,"registerTime":1542470400000,"lastLoginTime":1542556800000,"authorities":[{"remarks":"噸宥喘薩叔弼壓喘薩廣過扮氏潮範耶紗","createUserId":null,"createDate":1542470400000,"updateUserId":null,"updateDate":null,"id":"7e0ee84f-216f-41d3-b3b0-832eaea51e79","name":"USER","describe":"噸宥喘薩叔弼","permissions":[],"authority":"ROLE_USER"}],"enabled":true,"accountNonExpired":true,"accountNonLocked":true,"credentialsNonExpired":true}／
！！！！！！！！！！！！！！！！！！！！！！！！！！！！！！！！！！！！！！！！！！！！！！！！！！！！！！！！[Info   End]！！

2018-11-20 at 17:48:36 CST DEBUG com.trainingcenter.utils.LogUtil 60 debug - 
！！！！！！！！！！！！！！！！！！！！！！！！！！！！！！！！！！！！！！！！！！！！！！！！！！！！！！！！[Info Start]！！
炎籾:圭隈峇佩潤崩
坪否:‐class com.trainingcenter.service.impl.UserServiceImpl窃議‐loadUserByUsername／圭隈‐峇佩潤崩／
！！！！！！！！！！！！！！！！！！！！！！！！！！！！！！！！！！！！！！！！！！！！！！！！！！！！！！！！[Info   End]！！

2018-11-20 at 17:48:38 CST DEBUG com.trainingcenter.utils.LogUtil 60 debug - 
！！！！！！！！！！！！！！！！！！！！！！！！！！！！！！！！！！！！！！！！！！！！！！！！！！！！！！！！[Info Start]！！
炎籾:圭隈峇佩岻念
坪否:‐class com.trainingcenter.service.impl.UserInfoServiceImpl窃議‐getUserInfoByUsername／圭隈‐軸繍峇佩／圭隈歌方葎
‐["admin@qq.com"]／
！！！！！！！！！！！！！！！！！！！！！！！！！！！！！！！！！！！！！！！！！！！！！！！！！！！！！！！！[Info   End]！！

2018-11-20 at 17:48:38 CST DEBUG com.trainingcenter.utils.LogUtil 60 debug - 
！！！！！！！！！！！！！！！！！！！！！！！！！！！！！！！！！！！！！！！！！！！！！！！！！！！！！！！！[Info Start]！！
炎籾:圭隈峇佩潤惚
坪否:資函‐class com.trainingcenter.service.impl.UserInfoServiceImpl窃議‐getUserInfoByUsername／圭隈議‐峇佩潤惚／卦指潤惚葎
‐{"id":"abb5531d-84f2-4f8c-a279-ff094036e04c","username":"admin@qq.com","nickname":"admin@qq.com","realName":null,"portraitImg":null,"gender":1,"birthday":null,"address":null,"postalCode":null,"email":null,"phone":null,"motto":null,"describe":null,"imgs":null,"company":null,"position":null,"career":null}／
！！！！！！！！！！！！！！！！！！！！！！！！！！！！！！！！！！！！！！！！！！！！！！！！！！！！！！！！[Info   End]！！

2018-11-20 at 17:48:38 CST DEBUG com.trainingcenter.utils.LogUtil 60 debug - 
！！！！！！！！！！！！！！！！！！！！！！！！！！！！！！！！！！！！！！！！！！！！！！！！！！！！！！！！[Info Start]！！
炎籾:圭隈峇佩潤崩
坪否:‐class com.trainingcenter.service.impl.UserInfoServiceImpl窃議‐getUserInfoByUsername／圭隈‐峇佩潤崩／
！！！！！！！！！！！！！！！！！！！！！！！！！！！！！！！！！！！！！！！！！！！！！！！！！！！！！！！！[Info   End]！！

2018-11-20 at 17:48:39 CST DEBUG com.trainingcenter.utils.LogUtil 60 debug - 
！！！！！！！！！！！！！！！！！！！！！！！！！！！！！！！！！！！！！！！！！！！！！！！！！！！！！！！！[Info Start]！！
炎籾:圭隈峇佩岻念
坪否:‐class com.trainingcenter.service.impl.UserServiceImpl窃議‐getUserByUsername／圭隈‐軸繍峇佩／圭隈歌方葎
‐["admin@qq.com"]／
！！！！！！！！！！！！！！！！！！！！！！！！！！！！！！！！！！！！！！！！！！！！！！！！！！！！！！！！[Info   End]！！

2018-11-20 at 17:48:39 CST DEBUG com.trainingcenter.utils.LogUtil 60 debug - 
！！！！！！！！！！！！！！！！！！！！！！！！！！！！！！！！！！！！！！！！！！！！！！！！！！！！！！！！[Info Start]！！
炎籾:圭隈峇佩潤惚
坪否:資函‐class com.trainingcenter.service.impl.UserServiceImpl窃議‐getUserByUsername／圭隈議‐峇佩潤惚／卦指潤惚葎
‐{"id":"d6a00d9d-2801-45c3-a99f-326e2949e2f2","username":"admin@qq.com","password":"63a9f0ea7bb98050796b649e85481845","loginIP":"0:0:0:0:0:0:0:1","unlockedFlag":1,"state":1,"registerTime":1542470400000,"lastLoginTime":1542556800000,"authorities":[{"remarks":"噸宥喘薩叔弼壓喘薩廣過扮氏潮範耶紗","createUserId":null,"createDate":1542470400000,"updateUserId":null,"updateDate":null,"id":"7e0ee84f-216f-41d3-b3b0-832eaea51e79","name":"USER","describe":"噸宥喘薩叔弼","permissions":[],"authority":"ROLE_USER"}],"enabled":true,"accountNonExpired":true,"accountNonLocked":true,"credentialsNonExpired":true}／
！！！！！！！！！！！！！！！！！！！！！！！！！！！！！！！！！！！！！！！！！！！！！！！！！！！！！！！！[Info   End]！！

2018-11-20 at 17:48:39 CST DEBUG com.trainingcenter.utils.LogUtil 60 debug - 
！！！！！！！！！！！！！！！！！！！！！！！！！！！！！！！！！！！！！！！！！！！！！！！！！！！！！！！！[Info Start]！！
炎籾:圭隈峇佩潤崩
坪否:‐class com.trainingcenter.service.impl.UserServiceImpl窃議‐getUserByUsername／圭隈‐峇佩潤崩／
！！！！！！！！！！！！！！！！！！！！！！！！！！！！！！！！！！！！！！！！！！！！！！！！！！！！！！！！[Info   End]！！

2018-11-20 at 17:48:39 CST DEBUG com.trainingcenter.utils.LogUtil 60 debug - 
！！！！！！！！！！！！！！！！！！！！！！！！！！！！！！！！！！！！！！！！！！！！！！！！！！！！！！！！[Info Start]！！
炎籾:圭隈峇佩岻念
坪否:‐class com.trainingcenter.service.impl.UserServiceImpl窃議‐update／圭隈‐軸繍峇佩／圭隈歌方葎
‐[{"id":"d6a00d9d-2801-45c3-a99f-326e2949e2f2","username":"admin@qq.com","password":"63a9f0ea7bb98050796b649e85481845","loginIP":"0:0:0:0:0:0:0:1","unlockedFlag":1,"state":1,"registerTime":1542470400000,"lastLoginTime":1542707319177,"authorities":[{"remarks":"噸宥喘薩叔弼壓喘薩廣過扮氏潮範耶紗","createUserId":null,"createDate":1542470400000,"updateUserId":null,"updateDate":null,"id":"7e0ee84f-216f-41d3-b3b0-832eaea51e79","name":"USER","describe":"噸宥喘薩叔弼","permissions":[],"authority":"ROLE_USER"}],"enabled":true,"accountNonExpired":true,"accountNonLocked":true,"credentialsNonExpired":true}]／
！！！！！！！！！！！！！！！！！！！！！！！！！！！！！！！！！！！！！！！！！！！！！！！！！！！！！！！！[Info   End]！！

2018-11-20 at 17:48:42 CST DEBUG com.trainingcenter.utils.LogUtil 60 debug - 
！！！！！！！！！！！！！！！！！！！！！！！！！！！！！！！！！！！！！！！！！！！！！！！！！！！！！！！！[Info Start]！！
炎籾:圭隈峇佩岻念
坪否:‐class com.trainingcenter.service.impl.UserServiceImpl窃議‐getUserByUsername／圭隈‐軸繍峇佩／圭隈歌方葎
‐["admin@qq.com"]／
！！！！！！！！！！！！！！！！！！！！！！！！！！！！！！！！！！！！！！！！！！！！！！！！！！！！！！！！[Info   End]！！

2018-11-20 at 17:48:42 CST DEBUG com.trainingcenter.utils.LogUtil 60 debug - 
！！！！！！！！！！！！！！！！！！！！！！！！！！！！！！！！！！！！！！！！！！！！！！！！！！！！！！！！[Info Start]！！
炎籾:圭隈峇佩潤惚
坪否:資函‐class com.trainingcenter.service.impl.UserServiceImpl窃議‐getUserByUsername／圭隈議‐峇佩潤惚／卦指潤惚葎
‐{"id":"d6a00d9d-2801-45c3-a99f-326e2949e2f2","username":"admin@qq.com","password":"63a9f0ea7bb98050796b649e85481845","loginIP":"0:0:0:0:0:0:0:1","unlockedFlag":1,"state":1,"registerTime":1542470400000,"lastLoginTime":1542707319177,"authorities":[{"remarks":"噸宥喘薩叔弼壓喘薩廣過扮氏潮範耶紗","createUserId":null,"createDate":1542470400000,"updateUserId":null,"updateDate":null,"id":"7e0ee84f-216f-41d3-b3b0-832eaea51e79","name":"USER","describe":"噸宥喘薩叔弼","permissions":[],"authority":"ROLE_USER"}],"enabled":true,"accountNonExpired":true,"accountNonLocked":true,"credentialsNonExpired":true}／
！！！！！！！！！！！！！！！！！！！！！！！！！！！！！！！！！！！！！！！！！！！！！！！！！！！！！！！！[Info   End]！！

2018-11-20 at 17:48:42 CST DEBUG com.trainingcenter.utils.LogUtil 60 debug - 
！！！！！！！！！！！！！！！！！！！！！！！！！！！！！！！！！！！！！！！！！！！！！！！！！！！！！！！！[Info Start]！！
炎籾:圭隈峇佩潤崩
坪否:‐class com.trainingcenter.service.impl.UserServiceImpl窃議‐getUserByUsername／圭隈‐峇佩潤崩／
！！！！！！！！！！！！！！！！！！！！！！！！！！！！！！！！！！！！！！！！！！！！！！！！！！！！！！！！[Info   End]！！

2018-11-20 at 17:48:42 CST INFO  com.trainingcenter.utils.LogUtil 28 info - 
！！！！！！！！！！！！！！！！！！！！！！！！！！！！！！！！！！！！！！！！！！！！！！！！！！！！！！！！[Info Start]！！
炎籾:方象厚仟
坪否:喘薩此admin@qq.com／屎壓厚仟方象方象佚連葎
[{"id":"d6a00d9d-2801-45c3-a99f-326e2949e2f2","username":"admin@qq.com","password":"63a9f0ea7bb98050796b649e85481845","loginIP":"0:0:0:0:0:0:0:1","unlockedFlag":1,"state":1,"registerTime":1542470400000,"lastLoginTime":1542707319177,"authorities":[{"remarks":"噸宥喘薩叔弼壓喘薩廣過扮氏潮範耶紗","createUserId":null,"createDate":1542470400000,"updateUserId":null,"updateDate":null,"id":"7e0ee84f-216f-41d3-b3b0-832eaea51e79","name":"USER","describe":"噸宥喘薩叔弼","permissions":[],"authority":"ROLE_USER"}],"enabled":true,"accountNonExpired":true,"accountNonLocked":true,"credentialsNonExpired":true}]
！！！！！！！！！！！！！！！！！！！！！！！！！！！！！！！！！！！！！！！！！！！！！！！！！！！！！！！！[Info   End]！！

2018-11-20 at 17:48:42 CST INFO  com.trainingcenter.utils.LogUtil 28 info - 
！！！！！！！！！！！！！！！！！！！！！！！！！！！！！！！！！！！！！！！！！！！！！！！！！！！！！！！！[Info Start]！！
炎籾:喘薩鞠村佚連厚仟
坪否:喘薩此admin@qq.com／厚仟阻==〃喘薩此admin@qq.com／議鞠村佚連
！！！！！！！！！！！！！！！！！！！！！！！！！！！！！！！！！！！！！！！！！！！！！！！！！！！！！！！！[Info   End]！！

2018-11-20 at 17:48:42 CST DEBUG com.trainingcenter.utils.LogUtil 60 debug - 
！！！！！！！！！！！！！！！！！！！！！！！！！！！！！！！！！！！！！！！！！！！！！！！！！！！！！！！！[Info Start]！！
炎籾:圭隈峇佩潤惚
坪否:資函‐class com.trainingcenter.service.impl.UserServiceImpl窃議‐update／圭隈議‐峇佩潤惚／卦指潤惚葎
‐1／
！！！！！！！！！！！！！！！！！！！！！！！！！！！！！！！！！！！！！！！！！！！！！！！！！！！！！！！！[Info   End]！！

2018-11-20 at 17:48:42 CST DEBUG com.trainingcenter.utils.LogUtil 60 debug - 
！！！！！！！！！！！！！！！！！！！！！！！！！！！！！！！！！！！！！！！！！！！！！！！！！！！！！！！！[Info Start]！！
炎籾:圭隈峇佩潤崩
坪否:‐class com.trainingcenter.service.impl.UserServiceImpl窃議‐update／圭隈‐峇佩潤崩／
！！！！！！！！！！！！！！！！！！！！！！！！！！！！！！！！！！！！！！！！！！！！！！！！！！！！！！！！[Info   End]！！

2018-11-20 at 17:48:42 CST INFO  com.trainingcenter.utils.LogUtil 28 info - 
！！！！！！！！！！！！！！！！！！！！！！！！！！！！！！！！！！！！！！！！！！！！！！！！！！！！！！！！[Info Start]！！
炎籾:鞠村撹孔朔侃尖
坪否:喘薩‐admin@qq.com／鞠村撹孔
！！！！！！！！！！！！！！！！！！！！！！！！！！！！！！！！！！！！！！！！！！！！！！！！！！！！！！！！[Info   End]！！

2018-11-20 at 17:59:50 CST DEBUG org.hibernate.validator.internal.util.logging.LoggerFactory 22 make - Logging Provider: org.jboss.logging.Log4j2LoggerProvider
2018-11-20 at 17:59:50 CST INFO  org.hibernate.validator.internal.util.Version 21 <clinit> - HV000001: Hibernate Validator 6.0.10.Final
2018-11-20 at 17:59:50 CST DEBUG org.hibernate.validator.internal.engine.resolver.TraversableResolvers 60 getDefault - Cannot find javax.persistence.Persistence on classpath. Assuming non JPA 2 environment. All properties will per default be traversable.
2018-11-20 at 17:59:50 CST DEBUG org.hibernate.validator.messageinterpolation.ResourceBundleMessageInterpolator 89 buildExpressionFactory - Loaded expression factory via original TCCL
2018-11-20 at 17:59:50 CST DEBUG org.hibernate.validator.internal.engine.ConfigurationImpl 148 messageInterpolator - Setting custom MessageInterpolator of type org.springframework.validation.beanvalidation.LocaleContextMessageInterpolator
2018-11-20 at 17:59:50 CST DEBUG org.hibernate.validator.internal.engine.ConfigurationImpl 180 constraintValidatorFactory - Setting custom ConstraintValidatorFactory of type org.springframework.validation.beanvalidation.SpringConstraintValidatorFactory
2018-11-20 at 17:59:50 CST DEBUG org.hibernate.validator.internal.engine.ConfigurationImpl 194 parameterNameProvider - Setting custom ParameterNameProvider of type org.springframework.validation.beanvalidation.LocalValidatorFactoryBean$1
2018-11-20 at 17:59:50 CST DEBUG org.hibernate.validator.internal.xml.ValidationXmlParser 133 getValidationXmlInputStream - Trying to load META-INF/validation.xml for XML based Validator configuration.
2018-11-20 at 17:59:50 CST DEBUG org.hibernate.validator.internal.xml.ResourceLoaderHelper 53 getResettableInputStreamForPath - Trying to load META-INF/validation.xml via user class loader
2018-11-20 at 17:59:50 CST DEBUG org.hibernate.validator.internal.xml.ResourceLoaderHelper 60 getResettableInputStreamForPath - Trying to load META-INF/validation.xml via TCCL
2018-11-20 at 17:59:50 CST DEBUG org.hibernate.validator.internal.xml.ResourceLoaderHelper 66 getResettableInputStreamForPath - Trying to load META-INF/validation.xml via Hibernate Validator's class loader
2018-11-20 at 17:59:50 CST DEBUG org.hibernate.validator.internal.xml.ValidationXmlParser 140 getValidationXmlInputStream - No META-INF/validation.xml found. Using annotation based configuration only.
2018-11-20 at 17:59:51 CST DEBUG org.hibernate.validator.internal.engine.ValidatorFactoryImpl 578 logValidatorFactoryScopedConfiguration - HV000234: Using org.springframework.validation.beanvalidation.LocaleContextMessageInterpolator as ValidatorFactory-scoped message interpolator.
2018-11-20 at 17:59:51 CST DEBUG org.hibernate.validator.internal.engine.ValidatorFactoryImpl 579 logValidatorFactoryScopedConfiguration - HV000234: Using org.hibernate.validator.internal.engine.resolver.TraverseAllTraversableResolver as ValidatorFactory-scoped traversable resolver.
2018-11-20 at 17:59:51 CST DEBUG org.hibernate.validator.internal.engine.ValidatorFactoryImpl 580 logValidatorFactoryScopedConfiguration - HV000234: Using org.hibernate.validator.internal.util.ExecutableParameterNameProvider as ValidatorFactory-scoped parameter name provider.
2018-11-20 at 17:59:51 CST DEBUG org.hibernate.validator.internal.engine.ValidatorFactoryImpl 581 logValidatorFactoryScopedConfiguration - HV000234: Using org.hibernate.validator.internal.engine.DefaultClockProvider as ValidatorFactory-scoped clock provider.
2018-11-20 at 17:59:51 CST DEBUG org.hibernate.validator.internal.engine.ValidatorFactoryImpl 582 logValidatorFactoryScopedConfiguration - HV000234: Using org.hibernate.validator.internal.engine.scripting.DefaultScriptEvaluatorFactory as ValidatorFactory-scoped script evaluator factory.
